Virtual User Script started at: 20-02-2024 12:36:31
Starting action vuser_init.
Web Turbo Replay of LoadRunner 2023.0.0 for Windows 10; build 506 (Mar 08 2023 13:11:40)  	[MsgId: MMSG-26983]
Run mode: HTML  	[MsgId: MMSG-26993]
Replay user agent: Mozilla/5.0 (Windows NT 10.0; Win64; x64) AppleWebKit/537.36 (KHTML, like Gecko) Chrome/121.0.0.0 Safari/537.36  	[MsgId: MMSG-26988]
Runtime Settings file: "D:\LR Scripts\S1\\default.cfg"  	[MsgId: MMSG-27141]
Ending action vuser_init.
Running Vuser...
Starting iteration 1.
Maximum number of concurrent connections per server: 6  	[MsgId: MMSG-26989]
Starting action Action.
Action.c(4): web_set_sockets_option started  	[MsgId: MMSG-26355]
Action.c(4): web_set_sockets_option was successful  	[MsgId: MMSG-26392]
Action.c(6): web_set_sockets_option started  	[MsgId: MMSG-26355]
Action.c(6): web_set_sockets_option was successful  	[MsgId: MMSG-26392]
Action.c(8): web_url("thinking-tester-contact-list.herokuapp.com") started  	[MsgId: MMSG-26355]
Action.c(8): Found resource "https://thinking-tester-contact-list.herokuapp.com/css/styles.css" in HTML "https://thinking-tester-contact-list.herokuapp.com/"  	[MsgId: MMSG-26659]
Action.c(8): Found resource "https://thinking-tester-contact-list.herokuapp.com/img/thinkingTesterLogo.png" in HTML "https://thinking-tester-contact-list.herokuapp.com/"  	[MsgId: MMSG-26659]
Action.c(8): Found resource "https://thinking-tester-contact-list.herokuapp.com/js/login.js" in HTML "https://thinking-tester-contact-list.herokuapp.com/"  	[MsgId: MMSG-26659]
Action.c(8): web_url("thinking-tester-contact-list.herokuapp.com") was successful, 15841 body bytes, 3223 header bytes  	[MsgId: MMSG-26386]
Action.c(18): web_set_sockets_option started  	[MsgId: MMSG-26355]
Action.c(18): web_set_sockets_option was successful  	[MsgId: MMSG-26392]
Action.c(24): web_set_sockets_option started  	[MsgId: MMSG-26355]
Action.c(24): web_set_sockets_option was successful  	[MsgId: MMSG-26392]
Action.c(28): web_custom_request("login") started  	[MsgId: MMSG-26355]
Action.c(28): Warning: The string '"email":"WWWXXX123@gmail.com","password":"WWWXXX111"' with parameter delimiters is not a parameter.
Action.c(28): web_custom_request("login") was successful, 277 body bytes, 982 header bytes  	[MsgId: MMSG-26386]
Action.c(41): web_url("contactList") started  	[MsgId: MMSG-26355]
Action.c(41): Found resource "https://thinking-tester-contact-list.herokuapp.com/css/styles.css" in HTML "https://thinking-tester-contact-list.herokuapp.com/contactList"  	[MsgId: MMSG-26659]
Action.c(41): Found resource "https://thinking-tester-contact-list.herokuapp.com/img/thinkingTesterLogo.png" in HTML "https://thinking-tester-contact-list.herokuapp.com/contactList"  	[MsgId: MMSG-26659]
Action.c(41): Found resource "https://thinking-tester-contact-list.herokuapp.com/js/contactList.js" in HTML "https://thinking-tester-contact-list.herokuapp.com/contactList"  	[MsgId: MMSG-26659]
Action.c(41): web_url("contactList") was successful, 4709 body bytes, 3185 header bytes  	[MsgId: MMSG-26386]
Action.c(51): web_custom_request("contacts") started  	[MsgId: MMSG-26355]
Action.c(51): Error -26546: Authentication required, please use "web_set_user", e.g. web_set_user("domain\\user", "password", "host:port");  	[MsgId: MERR-26546]
Action.c(51): Error -26629: HTTP Status-Code=401 (Unauthorized) for "https://thinking-tester-contact-list.herokuapp.com/contacts"  	[MsgId: MERR-26629]
Action.c(51): web_custom_request("contacts") highest severity level was "ERROR", 32 body bytes, 759 header bytes  	[MsgId: MMSG-26388]
Ending action Action.
Ending iteration 1.
Ending Vuser...
Starting action vuser_end.
Ending action vuser_end.
Vuser Terminated.
Vuser 0 (thread 10208), ended OK."
