Start auto log messages stack - Iteration 1.	[MsgId: MMSG-10545]
Action.c(24): web_url("reqres.in") highest severity level was "warning", 7178 body bytes, 784 header bytes  	[MsgId: MMSG-26388]
Action.c(33): web_set_sockets_option started  	[MsgId: MMSG-26355]
Action.c(33): web_set_sockets_option was successful  	[MsgId: MMSG-26392]
Action.c(35): web_custom_request("json") started  	[MsgId: MMSG-26355]
Action.c(35): web_custom_request("json") was successful, 2794 body bytes, 1156 header bytes  	[MsgId: MMSG-26386]
Action.c(66): web_set_sockets_option started  	[MsgId: MMSG-26355]
Action.c(66): web_set_sockets_option was successful  	[MsgId: MMSG-26392]
Action.c(68): web_custom_request("command") started  	[MsgId: MMSG-26355]
Action.c(68): Error -26630: HTTP Status-Code=400 (Bad Request) for "https://clients4.google.com/chrome-sync/command/?client=Google+Chrome&client_id=I76XEoEoSqxhEjiZ7akd2w%3D%3D"  	[MsgId: MERR-26630]
End auto log messages stack.	[MsgId: MMSG-10544]

Start auto log messages stack - Iteration 2.	[MsgId: MMSG-10545]
Action.c(24): web_url("reqres.in") highest severity level was "warning", 7197 body bytes, 780 header bytes  	[MsgId: MMSG-26388]
Action.c(33): web_set_sockets_option started  	[MsgId: MMSG-26355]
Action.c(33): web_set_sockets_option was successful  	[MsgId: MMSG-26392]
Action.c(35): web_custom_request("json") started  	[MsgId: MMSG-26355]
Action.c(35): web_custom_request("json") was successful, 2794 body bytes, 1152 header bytes  	[MsgId: MMSG-26386]
Action.c(66): web_set_sockets_option started  	[MsgId: MMSG-26355]
Action.c(66): web_set_sockets_option was successful  	[MsgId: MMSG-26392]
Action.c(68): web_custom_request("command") started  	[MsgId: MMSG-26355]
Action.c(68): Error -26630: HTTP Status-Code=400 (Bad Request) for "https://clients4.google.com/chrome-sync/command/?client=Google+Chrome&client_id=I76XEoEoSqxhEjiZ7akd2w%3D%3D"  	[MsgId: MERR-26630]
End auto log messages stack.	[MsgId: MMSG-10544]

Start auto log messages stack - Iteration 3.	[MsgId: MMSG-10545]
Action.c(24): web_url("reqres.in") highest severity level was "warning", 7172 body bytes, 784 header bytes  	[MsgId: MMSG-26388]
Action.c(33): web_set_sockets_option started  	[MsgId: MMSG-26355]
Action.c(33): web_set_sockets_option was successful  	[MsgId: MMSG-26392]
Action.c(35): web_custom_request("json") started  	[MsgId: MMSG-26355]
Action.c(35): web_custom_request("json") was successful, 2794 body bytes, 1148 header bytes  	[MsgId: MMSG-26386]
Action.c(66): web_set_sockets_option started  	[MsgId: MMSG-26355]
Action.c(66): web_set_sockets_option was successful  	[MsgId: MMSG-26392]
Action.c(68): web_custom_request("command") started  	[MsgId: MMSG-26355]
Action.c(68): Error -26630: HTTP Status-Code=400 (Bad Request) for "https://clients4.google.com/chrome-sync/command/?client=Google+Chrome&client_id=I76XEoEoSqxhEjiZ7akd2w%3D%3D"  	[MsgId: MERR-26630]
End auto log messages stack.	[MsgId: MMSG-10544]

