Virtual User Script started at: 12-02-2024 22:12:42
Starting action vuser_init.
Web Turbo Replay of LoadRunner 2023.0.0 for Windows 10; build 506 (Mar 08 2023 13:11:40)  	[MsgId: MMSG-26983]
Run mode: HTML  	[MsgId: MMSG-26993]
Replay user agent: Mozilla/5.0 (Windows NT 10.0; Win64; x64) AppleWebKit/537.36 (KHTML, like Gecko) Chrome/121.0.0.0 Safari/537.36  	[MsgId: MMSG-26988]
Runtime Settings file: "D:\LR Scripts\depot\itdepot\\default.cfg"  	[MsgId: MMSG-27141]
Ending action vuser_init.
Running Vuser...
Starting iteration 1.
Maximum number of concurrent connections per server: 6  	[MsgId: MMSG-26989]
Starting action Action.
Action.c(4): web_set_sockets_option started  	[MsgId: MMSG-26355]
Action.c(4): web_set_sockets_option was successful  	[MsgId: MMSG-26392]
Action.c(6): web_url("supertails.com") started  	[MsgId: MMSG-26355]
Action.c(6): Warning -26665: HTTP Status Code is missing or invalid. Assuming "200 OK"  	[MsgId: MWAR-26665]
Action.c(6): web_url("supertails.com") highest severity level was "warning", 166433 body bytes, 134 header bytes  	[MsgId: MMSG-26388]
Action.c(16): web_set_sockets_option started  	[MsgId: MMSG-26355]
Action.c(16): web_set_sockets_option was successful  	[MsgId: MMSG-26392]
Action.c(18): web_concurrent_start started  	[MsgId: MMSG-26355]
Action.c(18): web_concurrent_start was successful  	[MsgId: MMSG-26392]
Action.c(20): web_url("index.js") started  	[MsgId: MMSG-26355]
Action.c(20): Registering web_url("index.js") was successful  	[MsgId: MMSG-26390]
Action.c(29): web_url("styles.css") started  	[MsgId: MMSG-26355]
Action.c(29): Registering web_url("styles.css") was successful  	[MsgId: MMSG-26390]
Action.c(38): web_url("hs-lazysizes.min.js") started  	[MsgId: MMSG-26355]
Action.c(38): Registering web_url("hs-lazysizes.min.js") was successful  	[MsgId: MMSG-26390]
Action.c(47): web_url("hs-script-loader.min.js") started  	[MsgId: MMSG-26355]
Action.c(47): Registering web_url("hs-script-loader.min.js") was successful  	[MsgId: MMSG-26390]
Action.c(56): web_url("load_feature-87876fa245af19cbd14aa886ed59c6aa8a27c45d24dcd7a81cf2d2323506233e.js") started  	[MsgId: MMSG-26355]
Action.c(56): Registering web_url("load_feature-87876fa245af19cbd14aa886ed59c6aa8a27c45d24dcd7a81cf2d2323506233e.js") was successful  	[MsgId: MMSG-26390]
Action.c(65): web_url("hs-instantload.min.js") started  	[MsgId: MMSG-26355]
Action.c(65): Registering web_url("hs-instantload.min.js") was successful  	[MsgId: MMSG-26390]
Action.c(74): web_url("features-1c0b396bd4d054b94abae1eb6a1bd6ba47beb35525c57a217c77a862ff06d83f.js") started  	[MsgId: MMSG-26355]
Action.c(74): Registering web_url("features-1c0b396bd4d054b94abae1eb6a1bd6ba47beb35525c57a217c77a862ff06d83f.js") was successful  	[MsgId: MMSG-26390]
Action.c(83): web_url("preloads.js") started  	[MsgId: MMSG-26355]
Action.c(83): Registering web_url("preloads.js") was successful  	[MsgId: MMSG-26390]
Action.c(92): web_url("scripts.js") started  	[MsgId: MMSG-26355]
Action.c(92): Registering web_url("scripts.js") was successful  	[MsgId: MMSG-26390]
Action.c(101): web_url("supertails-logo-for-dark-theme_200x_2x_59a36949-1934-4494-b180-9ff4bcb2cb35_230x.webp") started  	[MsgId: MMSG-26355]
Action.c(101): Registering web_url("supertails-logo-for-dark-theme_200x_2x_59a36949-1934-4494-b180-9ff4bcb2cb35_230x.webp") was successful  	[MsgId: MMSG-26390]
Action.c(110): web_url("mixpanel-2-latest.min.js") started  	[MsgId: MMSG-26355]
Action.c(110): Registering web_url("mixpanel-2-latest.min.js") was successful  	[MsgId: MMSG-26390]
Action.c(119): web_url("clamp.js") started  	[MsgId: MMSG-26355]
Action.c(119): Registering web_url("clamp.js") was successful  	[MsgId: MMSG-26390]
Action.c(128): web_url("slick.min.js") started  	[MsgId: MMSG-26355]
Action.c(128): Registering web_url("slick.min.js") was successful  	[MsgId: MMSG-26390]
Action.c(137): web_url("Homepage_dekstop_fccc95a7-03d2-453a-bfb7-3785e4086ad8.png") started  	[MsgId: MMSG-26355]
Action.c(137): Registering web_url("Homepage_dekstop_fccc95a7-03d2-453a-bfb7-3785e4086ad8.png") was successful  	[MsgId: MMSG-26390]
Action.c(146): web_url("Homepage_mob_7eed9398-c743-4e68-9898-8dacf0b6f71d.png") started  	[MsgId: MMSG-26355]
Action.c(146): Registering web_url("Homepage_mob_7eed9398-c743-4e68-9898-8dacf0b6f71d.png") was successful  	[MsgId: MMSG-26390]
Action.c(155): web_url("grey_cross.png") started  	[MsgId: MMSG-26355]
Action.c(155): Registering web_url("grey_cross.png") was successful  	[MsgId: MMSG-26390]
Action.c(164): web_url("icegif-1262.gif") started  	[MsgId: MMSG-26355]
Action.c(164): Registering web_url("icegif-1262.gif") was successful  	[MsgId: MMSG-26390]
Action.c(173): web_url("Frame_106723062_e6f33d18-0d46-4023-930b-e29aa3ded7bc.png") started  	[MsgId: MMSG-26355]
Action.c(173): Registering web_url("Frame_106723062_e6f33d18-0d46-4023-930b-e29aa3ded7bc.png") was successful  	[MsgId: MMSG-26390]
Action.c(182): web_url("Frame_106722523_341c2208-30cd-4df8-9290-8c16afd1420f.png") started  	[MsgId: MMSG-26355]
Action.c(182): Registering web_url("Frame_106722523_341c2208-30cd-4df8-9290-8c16afd1420f.png") was successful  	[MsgId: MMSG-26390]
Action.c(191): web_url("Frame_106722679_3232aec4-5e7e-42c0-97c3-420e45dc2ff1.png") started  	[MsgId: MMSG-26355]
Action.c(191): Registering web_url("Frame_106722679_3232aec4-5e7e-42c0-97c3-420e45dc2ff1.png") was successful  	[MsgId: MMSG-26390]
Action.c(200): web_url("Frame_106722680_f5e4c28e-70e6-413f-905c-3639d76842e6.png") started  	[MsgId: MMSG-26355]
Action.c(200): Registering web_url("Frame_106722680_f5e4c28e-70e6-413f-905c-3639d76842e6.png") was successful  	[MsgId: MMSG-26390]
Action.c(209): web_url("Frame_106722681_9f87d1aa-c8c6-40e3-86c5-efc4c6defbe9.png") started  	[MsgId: MMSG-26355]
Action.c(209): Registering web_url("Frame_106722681_9f87d1aa-c8c6-40e3-86c5-efc4c6defbe9.png") was successful  	[MsgId: MMSG-26390]
Action.c(218): web_url("12th_feb_web_4-1.png") started  	[MsgId: MMSG-26355]
Action.c(218): Registering web_url("12th_feb_web_4-1.png") was successful  	[MsgId: MMSG-26390]
Action.c(227): web_url("supertails-download-icon-min.png") started  	[MsgId: MMSG-26355]
Action.c(227): Registering web_url("supertails-download-icon-min.png") was successful  	[MsgId: MMSG-26390]
Action.c(236): web_url("12th_feb_mob_4-1.png") started  	[MsgId: MMSG-26355]
Action.c(236): Registering web_url("12th_feb_mob_4-1.png") was successful  	[MsgId: MMSG-26390]
Action.c(245): web_url("location_835c37da-c54c-4e45-9cd7-ee675397d1c3.png") started  	[MsgId: MMSG-26355]
Action.c(245): Registering web_url("location_835c37da-c54c-4e45-9cd7-ee675397d1c3.png") was successful  	[MsgId: MMSG-26390]
Action.c(254): web_url("12th_feb_web_4-1_1600x.png") started  	[MsgId: MMSG-26355]
Action.c(254): Registering web_url("12th_feb_web_4-1_1600x.png") was successful  	[MsgId: MMSG-26390]
Action.c(263): web_url("12th_feb_mob_4-1_320x.png") started  	[MsgId: MMSG-26355]
Action.c(263): Registering web_url("12th_feb_mob_4-1_320x.png") was successful  	[MsgId: MMSG-26390]
Action.c(272): web_url("9th_feb_web_2_1600x.png") started  	[MsgId: MMSG-26355]
Action.c(272): Registering web_url("9th_feb_web_2_1600x.png") was successful  	[MsgId: MMSG-26390]
Action.c(281): web_url("9th_feb_mob_2_320x.png") started  	[MsgId: MMSG-26355]
Action.c(281): Registering web_url("9th_feb_mob_2_320x.png") was successful  	[MsgId: MMSG-26390]
Action.c(290): web_url("12th_feb_web_4_1600x.png") started  	[MsgId: MMSG-26355]
Action.c(290): Registering web_url("12th_feb_web_4_1600x.png") was successful  	[MsgId: MMSG-26390]
Action.c(299): web_url("12th_feb_web_3_1600x.png") started  	[MsgId: MMSG-26355]
Action.c(299): Registering web_url("12th_feb_web_3_1600x.png") was successful  	[MsgId: MMSG-26390]
Action.c(308): web_url("12th_feb_mob_3_320x.png") started  	[MsgId: MMSG-26355]
Action.c(308): Registering web_url("12th_feb_mob_3_320x.png") was successful  	[MsgId: MMSG-26390]
Action.c(317): web_url("12th_feb_mob_4_320x.png") started  	[MsgId: MMSG-26355]
Action.c(317): Registering web_url("12th_feb_mob_4_320x.png") was successful  	[MsgId: MMSG-26390]
Action.c(326): web_url("address_locked_1.png") started  	[MsgId: MMSG-26355]
Action.c(326): Registering web_url("address_locked_1.png") was successful  	[MsgId: MMSG-26390]
Action.c(335): web_url("left-arrow.svg") started  	[MsgId: MMSG-26355]
Action.c(335): Registering web_url("left-arrow.svg") was successful  	[MsgId: MMSG-26390]
Action.c(344): web_url("categories_52c8479c-3318-4f9c-8c6e-22c46140d720_320x.png") started  	[MsgId: MMSG-26355]
Action.c(344): Registering web_url("categories_52c8479c-3318-4f9c-8c6e-22c46140d720_320x.png") was successful  	[MsgId: MMSG-26390]
Action.c(353): web_url("12th_feb_web_3-1_1600x.png") started  	[MsgId: MMSG-26355]
Action.c(353): Registering web_url("12th_feb_web_3-1_1600x.png") was successful  	[MsgId: MMSG-26390]
Action.c(362): web_url("12th_feb_mob_3-1_320x.png") started  	[MsgId: MMSG-26355]
Action.c(362): Registering web_url("12th_feb_mob_3-1_320x.png") was successful  	[MsgId: MMSG-26390]
Action.c(371): web_url("categories-1_acf513ca-2e51-4594-81f1-774aac7ac9d1_320x.png") started  	[MsgId: MMSG-26355]
Action.c(371): Registering web_url("categories-1_acf513ca-2e51-4594-81f1-774aac7ac9d1_320x.png") was successful  	[MsgId: MMSG-26390]
Action.c(380): web_url("categories-4_91417480-eecc-4ad9-a673-a414448added_320x.png") started  	[MsgId: MMSG-26355]
Action.c(380): Registering web_url("categories-4_91417480-eecc-4ad9-a673-a414448added_320x.png") was successful  	[MsgId: MMSG-26390]
Action.c(389): web_url("Group_3787_6d0903d1-2fff-48e1-8dcd-1fdfc2b89dde.png") started  	[MsgId: MMSG-26355]
Action.c(389): Registering web_url("Group_3787_6d0903d1-2fff-48e1-8dcd-1fdfc2b89dde.png") was successful  	[MsgId: MMSG-26390]
Action.c(398): web_url("categories_f2bc06ae-791a-4a50-8821-d7654bde9ca7_320x.png") started  	[MsgId: MMSG-26355]
Action.c(398): Registering web_url("categories_f2bc06ae-791a-4a50-8821-d7654bde9ca7_320x.png") was successful  	[MsgId: MMSG-26390]
Action.c(407): web_url("location_black.png") started  	[MsgId: MMSG-26355]
Action.c(407): Registering web_url("location_black.png") was successful  	[MsgId: MMSG-26390]
Action.c(416): web_concurrent_end started  	[MsgId: MMSG-26355]
Action.c(38): Warning -26603: Unsupported "Content-Encoding"   [issued at Action.c(416)]  	[MsgId: MWAR-26603]
Action.c(56): Warning -26603: Unsupported "Content-Encoding"   [issued at Action.c(416)]  	[MsgId: MWAR-26603]
Action.c(65): Warning -26603: Unsupported "Content-Encoding"   [issued at Action.c(416)]  	[MsgId: MWAR-26603]
Action.c(47): Warning -26603: Unsupported "Content-Encoding"   [issued at Action.c(416)]  	[MsgId: MWAR-26603]
Action.c(74): Warning -26603: Unsupported "Content-Encoding"   [issued at Action.c(416)]  	[MsgId: MWAR-26603]
Action.c(83): Warning -26603: Unsupported "Content-Encoding"   [issued at Action.c(416)]  	[MsgId: MWAR-26603]
Action.c(92): Warning -26603: Unsupported "Content-Encoding"   [issued at Action.c(416)]  	[MsgId: MWAR-26603]
Action.c(29): Warning -26603: Unsupported "Content-Encoding"   [issued at Action.c(416)]  	[MsgId: MWAR-26603]
Action.c(20): Warning -26603: Unsupported "Content-Encoding"   [issued at Action.c(416)]  	[MsgId: MWAR-26603]
Action.c(128): Warning -26603: Unsupported "Content-Encoding"   [issued at Action.c(416)]  	[MsgId: MWAR-26603]
Action.c(119): Warning -26603: Unsupported "Content-Encoding"   [issued at Action.c(416)]  	[MsgId: MWAR-26603]
Action.c(416): ssl_handle_status encounter error : SSL_ERROR_SSL, error message : error:0A000410:SSL routines::sslv3 alert handshake failure  	[MsgId: MMSG-26000]
Action.c(155): Warning -27774: SSL protocol error when attempting to connect with host "cdn.shopify.com"   [issued at Action.c(416)]  	[MsgId: MWAR-27774]
Action.c(155): Warning -27760: Request "https://cdn.shopify.com/s/files/1/0565/8021/0861/files/grey_cross.png" failed   [issued at Action.c(416)]  	[MsgId: MWAR-27760]
Action.c(416): ssl_handle_status encounter error : SSL_ERROR_SSL, error message : error:0A000410:SSL routines::sslv3 alert handshake failure  	[MsgId: MMSG-26000]
Action.c(164): Warning -27774: SSL protocol error when attempting to connect with host "cdn.shopify.com"   [issued at Action.c(416)]  	[MsgId: MWAR-27774]
Action.c(164): Warning -27760: Request "https://cdn.shopify.com/s/files/1/0565/8021/0861/files/icegif-1262.gif?v=1698948197" failed   [issued at Action.c(416)]  	[MsgId: MWAR-27760]
Action.c(416): ssl_handle_status encounter error : SSL_ERROR_SSL, error message : error:0A000410:SSL routines::sslv3 alert handshake failure  	[MsgId: MMSG-26000]
Action.c(227): Warning -27774: SSL protocol error when attempting to connect with host "cdn.shopify.com"   [issued at Action.c(416)]  	[MsgId: MWAR-27774]
Action.c(227): Warning -27760: Request "https://cdn.shopify.com/s/files/1/0565/8021/0861/files/supertails-download-icon-min.png?v=1692432165" failed   [issued at Action.c(416)]  	[MsgId: MWAR-27760]
Action.c(416): ssl_handle_status encounter error : SSL_ERROR_SSL, error message : error:0A000410:SSL routines::sslv3 alert handshake failure  	[MsgId: MMSG-26000]
Action.c(335): Warning -27774: SSL protocol error when attempting to connect with host "cdn.shopify.com"   [issued at Action.c(416)]  	[MsgId: MWAR-27774]
Action.c(335): Warning -27760: Request "https://cdn.shopify.com/s/files/1/0565/8021/0861/files/left-arrow.svg?v=1699121219" failed   [issued at Action.c(416)]  	[MsgId: MWAR-27760]
Action.c(416): ssl_handle_status encounter error : SSL_ERROR_SSL, error message : error:0A000410:SSL routines::sslv3 alert handshake failure  	[MsgId: MMSG-26000]
Action.c(407): Warning -27774: SSL protocol error when attempting to connect with host "cdn.shopify.com"   [issued at Action.c(416)]  	[MsgId: MWAR-27774]
Action.c(407): Warning -27760: Request "https://cdn.shopify.com/s/files/1/0565/8021/0861/files/location_black.png?v=1699107263" failed   [issued at Action.c(416)]  	[MsgId: MWAR-27760]
Action.c(416): ssl_handle_status encounter error : SSL_ERROR_SSL, error message : error:0A000410:SSL routines::sslv3 alert handshake failure  	[MsgId: MMSG-26000]
Action.c(245): Warning -27774: SSL protocol error when attempting to connect with host "cdn.shopify.com"   [issued at Action.c(416)]  	[MsgId: MWAR-27774]
Action.c(245): Warning -27760: Request "https://cdn.shopify.com/s/files/1/0565/8021/0861/files/location_835c37da-c54c-4e45-9cd7-ee675397d1c3.png?v=1699117839" failed   [issued at Action.c(416)]  	[MsgId: MWAR-27760]
Action.c(416): ssl_handle_status encounter error : SSL_ERROR_SSL, error message : error:0A000410:SSL routines::sslv3 alert handshake failure  	[MsgId: MMSG-26000]
Action.c(326): Warning -27774: SSL protocol error when attempting to connect with host "cdn.shopify.com"   [issued at Action.c(416)]  	[MsgId: MWAR-27774]
Action.c(326): Warning -27760: Request "https://cdn.shopify.com/s/files/1/0565/8021/0861/files/address_locked_1.png?v=1699123389" failed   [issued at Action.c(416)]  	[MsgId: MWAR-27760]
Action.c(416): ssl_handle_status encounter error : SSL_ERROR_SSL, error message : error:0A000410:SSL routines::sslv3 alert handshake failure  	[MsgId: MMSG-26000]
Action.c(389): Warning -27774: SSL protocol error when attempting to connect with host "cdn.shopify.com"   [issued at Action.c(416)]  	[MsgId: MWAR-27774]
Action.c(389): Warning -27760: Request "https://cdn.shopify.com/s/files/1/0565/8021/0861/files/Group_3787_6d0903d1-2fff-48e1-8dcd-1fdfc2b89dde.png?v=1688308640" failed   [issued at Action.c(416)]  	[MsgId: MWAR-27760]
Action.c(416): web_concurrent_end highest severity level was "warning", 4058500 body bytes, 48446 header bytes  	[MsgId: MMSG-26388]
Action.c(418): web_set_sockets_option started  	[MsgId: MMSG-26355]
Action.c(418): web_set_sockets_option was successful  	[MsgId: MMSG-26392]
Action.c(422): web_url("d53a7ae25db4fae6f39660963ca15934") started  	[MsgId: MMSG-26355]
Action.c(422): Warning -26603: Unsupported "Content-Encoding"  	[MsgId: MWAR-26603]
Action.c(422): web_url("d53a7ae25db4fae6f39660963ca15934") highest severity level was "warning", 783 body bytes, 693 header bytes  	[MsgId: MMSG-26388]
Action.c(432): web_concurrent_start started  	[MsgId: MMSG-26355]
Action.c(432): web_concurrent_start was successful  	[MsgId: MMSG-26392]
Action.c(434): web_url("tagtag.min.js") started  	[MsgId: MMSG-26355]
Action.c(434): Registering web_url("tagtag.min.js") was successful  	[MsgId: MMSG-26390]
Action.c(443): web_url("categories-2_4fdb6623-b175-4141-a06e-a36c793c65bf_320x.png") started  	[MsgId: MMSG-26355]
Action.c(443): Registering web_url("categories-2_4fdb6623-b175-4141-a06e-a36c793c65bf_320x.png") was successful  	[MsgId: MMSG-26390]
Action.c(452): web_url("categories-5_704f164b-7c3c-4dca-b73c-5cddacd739d8_320x.png") started  	[MsgId: MMSG-26355]
Action.c(452): Registering web_url("categories-5_704f164b-7c3c-4dca-b73c-5cddacd739d8_320x.png") was successful  	[MsgId: MMSG-26390]
Action.c(461): web_url("categories_dd6b1892-1ae8-40a8-8439-b0b3c6255401_320x.png") started  	[MsgId: MMSG-26355]
Action.c(461): Registering web_url("categories_dd6b1892-1ae8-40a8-8439-b0b3c6255401_320x.png") was successful  	[MsgId: MMSG-26390]
Action.c(470): web_url("categories-4_65aa2904-352e-4027-b5f6-a7e4d4023940_320x.png") started  	[MsgId: MMSG-26355]
Action.c(470): Registering web_url("categories-4_65aa2904-352e-4027-b5f6-a7e4d4023940_320x.png") was successful  	[MsgId: MMSG-26390]
Action.c(479): web_url("categories-1_4329dfdc-fa2c-4ebf-a24f-fbc4fb5e0efc_320x.png") started  	[MsgId: MMSG-26355]
Action.c(479): Registering web_url("categories-1_4329dfdc-fa2c-4ebf-a24f-fbc4fb5e0efc_320x.png") was successful  	[MsgId: MMSG-26390]
Action.c(488): web_url("categories_7f19785d-b4c5-4b99-9135-c026590eac43_320x.png") started  	[MsgId: MMSG-26355]
Action.c(488): Registering web_url("categories_7f19785d-b4c5-4b99-9135-c026590eac43_320x.png") was successful  	[MsgId: MMSG-26390]
Action.c(497): web_url("jquery.min.js") started  	[MsgId: MMSG-26355]
Action.c(497): Registering web_url("jquery.min.js") was successful  	[MsgId: MMSG-26390]
Action.c(506): web_url("Group_4057_1.png") started  	[MsgId: MMSG-26355]
Action.c(506): Registering web_url("Group_4057_1.png") was successful  	[MsgId: MMSG-26390]
Action.c(515): web_url("Group_4076_1_c38e0709-3815-421e-9741-6a83e400ac53.png") started  	[MsgId: MMSG-26355]
Action.c(515): Registering web_url("Group_4076_1_c38e0709-3815-421e-9741-6a83e400ac53.png") was successful  	[MsgId: MMSG-26390]
Action.c(524): web_url("categories-3_caca9b0c-6dc7-4c2d-94ec-99bff192b8b7_320x.png") started  	[MsgId: MMSG-26355]
Action.c(524): Registering web_url("categories-3_caca9b0c-6dc7-4c2d-94ec-99bff192b8b7_320x.png") was successful  	[MsgId: MMSG-26390]
Action.c(533): web_url("categories-6_57952dec-ee37-4d08-b6f7-0de0734e218a_320x.png") started  	[MsgId: MMSG-26355]
Action.c(533): Registering web_url("categories-6_57952dec-ee37-4d08-b6f7-0de0734e218a_320x.png") was successful  	[MsgId: MMSG-26390]
Action.c(542): web_url("b07fb60babe54bdaaf7f3a60ab594f76.thumbnail.0000000000_small.jpg") started  	[MsgId: MMSG-26355]
Action.c(542): Registering web_url("b07fb60babe54bdaaf7f3a60ab594f76.thumbnail.0000000000_small.jpg") was successful  	[MsgId: MMSG-26390]
Action.c(551): web_url("01d5ab67892c4073b9adf2f02fc3e61b.thumbnail.0000000000_small.jpg") started  	[MsgId: MMSG-26355]
Action.c(551): Registering web_url("01d5ab67892c4073b9adf2f02fc3e61b.thumbnail.0000000000_small.jpg") was successful  	[MsgId: MMSG-26390]
Action.c(560): web_url("SC-1_a0850f29-c331-45a5-b403-4792bfcaa3e0.png") started  	[MsgId: MMSG-26355]
Action.c(560): Registering web_url("SC-1_a0850f29-c331-45a5-b403-4792bfcaa3e0.png") was successful  	[MsgId: MMSG-26390]
Action.c(569): web_url("SC_6466c61e-f7ef-4531-8f18-bce5d549508f.png") started  	[MsgId: MMSG-26355]
Action.c(569): Registering web_url("SC_6466c61e-f7ef-4531-8f18-bce5d549508f.png") was successful  	[MsgId: MMSG-26390]
Action.c(578): web_url("retag.js") started  	[MsgId: MMSG-26355]
Action.c(578): Registering web_url("retag.js") was successful  	[MsgId: MMSG-26390]
Action.c(587): web_url("SC-2_ad80901b-7fb3-4f0f-be7a-324b9a3d6b78.png") started  	[MsgId: MMSG-26355]
Action.c(587): Registering web_url("SC-2_ad80901b-7fb3-4f0f-be7a-324b9a3d6b78.png") was successful  	[MsgId: MMSG-26390]
Action.c(596): web_url("SC-3_509add29-4a44-41b2-9f72-65ab0e9f7a0c.png") started  	[MsgId: MMSG-26355]
Action.c(596): Registering web_url("SC-3_509add29-4a44-41b2-9f72-65ab0e9f7a0c.png") was successful  	[MsgId: MMSG-26390]
Action.c(605): web_url("Frame_106723066_e0f9dc07-8685-4049-8f0b-af77aa3d55f3.png") started  	[MsgId: MMSG-26355]
Action.c(605): Registering web_url("Frame_106723066_e0f9dc07-8685-4049-8f0b-af77aa3d55f3.png") was successful  	[MsgId: MMSG-26390]
Action.c(614): web_url("Frame_106723067.png") started  	[MsgId: MMSG-26355]
Action.c(614): Registering web_url("Frame_106723067.png") was successful  	[MsgId: MMSG-26390]
Action.c(623): web_url("Frame_106723065_f46a6bf3-2558-47c6-ad5d-97dbd0e6ad05.png") started  	[MsgId: MMSG-26355]
Action.c(623): Registering web_url("Frame_106723065_f46a6bf3-2558-47c6-ad5d-97dbd0e6ad05.png") was successful  	[MsgId: MMSG-26390]
Action.c(632): web_url("Frame_106723062_c2c43965-1ff8-4d26-ac82-e6436ac8cac7.png") started  	[MsgId: MMSG-26355]
Action.c(632): Registering web_url("Frame_106723062_c2c43965-1ff8-4d26-ac82-e6436ac8cac7.png") was successful  	[MsgId: MMSG-26390]
Action.c(641): web_url("Frame_106723063_8b80698d-0b0f-4d9e-871d-257f2dc68057.png") started  	[MsgId: MMSG-26355]
Action.c(641): Registering web_url("Frame_106723063_8b80698d-0b0f-4d9e-871d-257f2dc68057.png") was successful  	[MsgId: MMSG-26390]
Action.c(650): web_url("Frame_106723107.png") started  	[MsgId: MMSG-26355]
Action.c(650): Registering web_url("Frame_106723107.png") was successful  	[MsgId: MMSG-26390]
Action.c(659): web_url("shopify-boomerang-1.0.0.min.js") started  	[MsgId: MMSG-26355]
Action.c(659): Registering web_url("shopify-boomerang-1.0.0.min.js") was successful  	[MsgId: MMSG-26390]
Action.c(668): web_url("Frame_106723106.png") started  	[MsgId: MMSG-26355]
Action.c(668): Registering web_url("Frame_106723106.png") was successful  	[MsgId: MMSG-26390]
Action.c(677): web_url("Frame_106723064_70130d25-17f3-4152-90fd-6ea2dfa3650c.png") started  	[MsgId: MMSG-26355]
Action.c(677): Registering web_url("Frame_106723064_70130d25-17f3-4152-90fd-6ea2dfa3650c.png") was successful  	[MsgId: MMSG-26390]
Action.c(686): web_url("Frame_106723108_996d267e-fc8e-4afe-8b32-12826e04bc37.png") started  	[MsgId: MMSG-26355]
Action.c(686): Registering web_url("Frame_106723108_996d267e-fc8e-4afe-8b32-12826e04bc37.png") was successful  	[MsgId: MMSG-26390]
Action.c(695): web_url("supertails-logo-for-dark-theme_200x_2x_59a36949-1934-4494-b180-9ff4bcb2cb35_200x.webp") started  	[MsgId: MMSG-26355]
Action.c(695): Registering web_url("supertails-logo-for-dark-theme_200x_2x_59a36949-1934-4494-b180-9ff4bcb2cb35_200x.webp") was successful  	[MsgId: MMSG-26390]
Action.c(704): web_url("Frame_106723109_91f88b3c-67d5-4240-a73e-f1bfd5d018f3.png") started  	[MsgId: MMSG-26355]
Action.c(704): Registering web_url("Frame_106723109_91f88b3c-67d5-4240-a73e-f1bfd5d018f3.png") was successful  	[MsgId: MMSG-26390]
Action.c(713): web_url("Frame_106723110_0721e34e-0101-4191-bfce-4ce4ddfa34c6.png") started  	[MsgId: MMSG-26355]
Action.c(713): Registering web_url("Frame_106723110_0721e34e-0101-4191-bfce-4ce4ddfa34c6.png") was successful  	[MsgId: MMSG-26390]
Action.c(722): web_concurrent_end started  	[MsgId: MMSG-26355]
Action.c(659): Warning -26603: Unsupported "Content-Encoding"   [issued at Action.c(722)]  	[MsgId: MWAR-26603]
Action.c(722): web_concurrent_end highest severity level was "warning", 2879229 body bytes, 43700 header bytes  	[MsgId: MMSG-26388]
Action.c(724): web_set_sockets_option started  	[MsgId: MMSG-26355]
Action.c(724): web_set_sockets_option was successful  	[MsgId: MMSG-26392]
Action.c(728): web_concurrent_start started  	[MsgId: MMSG-26355]
Action.c(728): web_concurrent_start was successful  	[MsgId: MMSG-26392]
Action.c(730): web_url("Frame_106723125_320x.png") started  	[MsgId: MMSG-26355]
Action.c(730): Registering web_url("Frame_106723125_320x.png") was successful  	[MsgId: MMSG-26390]
Action.c(739): web_url("Frame_106723121_27de6800-23f5-415b-a6e8-b57505cf068a_320x.png") started  	[MsgId: MMSG-26355]
Action.c(739): Registering web_url("Frame_106723121_27de6800-23f5-415b-a6e8-b57505cf068a_320x.png") was successful  	[MsgId: MMSG-26390]
Action.c(748): web_url("Frame_106723111_2f11c983-e636-4a46-a2a6-c6b91d67a64c.png") started  	[MsgId: MMSG-26355]
Action.c(748): Registering web_url("Frame_106723111_2f11c983-e636-4a46-a2a6-c6b91d67a64c.png") was successful  	[MsgId: MMSG-26390]
Action.c(757): web_url("Frame_106723127_c8d83b97-4caf-49fa-a02c-e376b97f4b30_320x.png") started  	[MsgId: MMSG-26355]
Action.c(757): Registering web_url("Frame_106723127_c8d83b97-4caf-49fa-a02c-e376b97f4b30_320x.png") was successful  	[MsgId: MMSG-26390]
Action.c(766): web_url("Frame_106723124_ec19803e-4fc3-4f9f-8bdd-4f519036df32_320x.png") started  	[MsgId: MMSG-26355]
Action.c(766): Registering web_url("Frame_106723124_ec19803e-4fc3-4f9f-8bdd-4f519036df32_320x.png") was successful  	[MsgId: MMSG-26390]
Action.c(775): web_url("Frame_106723128_320x.png") started  	[MsgId: MMSG-26355]
Action.c(775): Registering web_url("Frame_106723128_320x.png") was successful  	[MsgId: MMSG-26390]
Action.c(784): web_url("Frame_106721401_f6d09f1f-1a7e-4289-9589-a287752533d3.png") started  	[MsgId: MMSG-26355]
Action.c(784): Registering web_url("Frame_106721401_f6d09f1f-1a7e-4289-9589-a287752533d3.png") was successful  	[MsgId: MMSG-26390]
Action.c(793): web_url("Frame_106722699_656b5874-efcc-4371-82fd-330c64c85240.png") started  	[MsgId: MMSG-26355]
Action.c(793): Registering web_url("Frame_106722699_656b5874-efcc-4371-82fd-330c64c85240.png") was successful  	[MsgId: MMSG-26390]
Action.c(802): web_url("Frame_106723084.png") started  	[MsgId: MMSG-26355]
Action.c(802): Registering web_url("Frame_106723084.png") was successful  	[MsgId: MMSG-26390]
Action.c(811): web_url("analytics.js") started  	[MsgId: MMSG-26355]
Action.c(811): Registering web_url("analytics.js") was successful  	[MsgId: MMSG-26390]
Action.c(820): web_url("Frame_106723126_320x.png") started  	[MsgId: MMSG-26355]
Action.c(820): Registering web_url("Frame_106723126_320x.png") was successful  	[MsgId: MMSG-26390]
Action.c(829): web_url("cart.js") started  	[MsgId: MMSG-26355]
Action.c(829): Registering web_url("cart.js") was successful  	[MsgId: MMSG-26390]
Action.c(838): web_url("Frame_106722701_0a51b5a5-817d-4bf2-8cf1-5bef4105f7d6.png") started  	[MsgId: MMSG-26355]
Action.c(838): Registering web_url("Frame_106722701_0a51b5a5-817d-4bf2-8cf1-5bef4105f7d6.png") was successful  	[MsgId: MMSG-26390]
Action.c(847): web_url("Frame_106722531_da6596bb-87d9-41b6-a9f6-05cd52d7b165_320x.png") started  	[MsgId: MMSG-26355]
Action.c(847): Registering web_url("Frame_106722531_da6596bb-87d9-41b6-a9f6-05cd52d7b165_320x.png") was successful  	[MsgId: MMSG-26390]
Action.c(856): web_url("Frame_106723103.png") started  	[MsgId: MMSG-26355]
Action.c(856): Registering web_url("Frame_106723103.png") was successful  	[MsgId: MMSG-26390]
Action.c(865): web_url("Frame_106722700_af237987-9042-4297-9dde-25588f3d3d9c.png") started  	[MsgId: MMSG-26355]
Action.c(865): Registering web_url("Frame_106722700_af237987-9042-4297-9dde-25588f3d3d9c.png") was successful  	[MsgId: MMSG-26390]
Action.c(874): web_concurrent_end started  	[MsgId: MMSG-26355]
Action.c(811): Warning -26603: Unsupported "Content-Encoding"   [issued at Action.c(874)]  	[MsgId: MWAR-26603]
Action.c(829): Warning -26603: Unsupported "Content-Encoding"   [issued at Action.c(874)]  	[MsgId: MWAR-26603]
Action.c(874): web_concurrent_end highest severity level was "warning", 1152246 body bytes, 23639 header bytes  	[MsgId: MMSG-26388]
Action.c(876): web_set_sockets_option started  	[MsgId: MMSG-26355]
Action.c(876): web_set_sockets_option was successful  	[MsgId: MMSG-26392]
Action.c(878): web_custom_request("tag.php") started  	[MsgId: MMSG-26355]
Action.c(878): web_custom_request("tag.php") was successful, 82 body bytes, 332 header bytes, 11 chunking overhead bytes  	[MsgId: MMSG-26385]
Action.c(889): web_concurrent_start started  	[MsgId: MMSG-26355]
Action.c(889): web_concurrent_start was successful  	[MsgId: MMSG-26392]
Action.c(891): web_url("Frame_106722530_320x.png") started  	[MsgId: MMSG-26355]
Action.c(891): Registering web_url("Frame_106722530_320x.png") was successful  	[MsgId: MMSG-26390]
Action.c(900): web_url("Frame_106722532_320x.png") started  	[MsgId: MMSG-26355]
Action.c(900): Registering web_url("Frame_106722532_320x.png") was successful  	[MsgId: MMSG-26390]
Action.c(909): web_url("Frame_106722534_8a191423-5357-489a-9283-b0535d84e44b_320x.png") started  	[MsgId: MMSG-26355]
Action.c(909): Registering web_url("Frame_106722534_8a191423-5357-489a-9283-b0535d84e44b_320x.png") was successful  	[MsgId: MMSG-26390]
Action.c(918): web_concurrent_end started  	[MsgId: MMSG-26355]
Action.c(918): web_concurrent_end was successful, 118138 body bytes, 4302 header bytes  	[MsgId: MMSG-26386]
Action.c(920): web_custom_request("v3_2") started  	[MsgId: MMSG-26355]
Action.c(920): web_custom_request("v3_2") was successful, 0 body bytes, 159 header bytes  	[MsgId: MMSG-26386]
Action.c(932): web_concurrent_start started  	[MsgId: MMSG-26355]
Action.c(932): web_concurrent_start was successful  	[MsgId: MMSG-26392]
Action.c(934): web_url("Frame_106722533_4134763f-d13d-47ad-b677-709934915a49_320x.png") started  	[MsgId: MMSG-26355]
Action.c(934): Registering web_url("Frame_106722533_4134763f-d13d-47ad-b677-709934915a49_320x.png") was successful  	[MsgId: MMSG-26390]
Action.c(943): web_url("Frame_106722535_d06400c8-20cd-48a9-9b3c-d84b6cde94d0_320x.png") started  	[MsgId: MMSG-26355]
Action.c(943): Registering web_url("Frame_106722535_d06400c8-20cd-48a9-9b3c-d84b6cde94d0_320x.png") was successful  	[MsgId: MMSG-26390]
Action.c(952): web_url("Des_3bdb7955-dfdf-41a2-b095-64bdf1a911a4_1600x.png") started  	[MsgId: MMSG-26355]
Action.c(952): Registering web_url("Des_3bdb7955-dfdf-41a2-b095-64bdf1a911a4_1600x.png") was successful  	[MsgId: MMSG-26390]
Action.c(961): web_url("Frame_106723130_afa68cc9-bf30-4cc2-b05e-5326384ae6bb.png") started  	[MsgId: MMSG-26355]
Action.c(961): Registering web_url("Frame_106723130_afa68cc9-bf30-4cc2-b05e-5326384ae6bb.png") was successful  	[MsgId: MMSG-26390]
Action.c(970): web_url("Frame_106723130_afa68cc9-bf30-4cc2-b05e-5326384ae6bb_320x.png") started  	[MsgId: MMSG-26355]
Action.c(970): Registering web_url("Frame_106723130_afa68cc9-bf30-4cc2-b05e-5326384ae6bb_320x.png") was successful  	[MsgId: MMSG-26390]
Action.c(979): web_url("Des_3bdb7955-dfdf-41a2-b095-64bdf1a911a4.png") started  	[MsgId: MMSG-26355]
Action.c(979): Registering web_url("Des_3bdb7955-dfdf-41a2-b095-64bdf1a911a4.png") was successful  	[MsgId: MMSG-26390]
Action.c(988): web_url("Des-2_f37063d5-bc93-411a-ba80-ede72bd28080_1600x.png") started  	[MsgId: MMSG-26355]
Action.c(988): Registering web_url("Des-2_f37063d5-bc93-411a-ba80-ede72bd28080_1600x.png") was successful  	[MsgId: MMSG-26390]
Action.c(997): web_url("Frame_14040_5feb6b28-f571-40c3-aa97-81fc7048b1e8_320x.png") started  	[MsgId: MMSG-26355]
Action.c(997): Registering web_url("Frame_14040_5feb6b28-f571-40c3-aa97-81fc7048b1e8_320x.png") was successful  	[MsgId: MMSG-26390]
Action.c(1006): web_url("Frame_106723131_0b8b1e83-329e-45c8-b5ea-a83063842400_320x.png") started  	[MsgId: MMSG-26355]
Action.c(1006): Registering web_url("Frame_106723131_0b8b1e83-329e-45c8-b5ea-a83063842400_320x.png") was successful  	[MsgId: MMSG-26390]
Action.c(1015): web_url("Frame_106723129_5695dbdf-6cb8-4947-9dfd-4a44048e19fa_320x.png") started  	[MsgId: MMSG-26355]
Action.c(1015): Registering web_url("Frame_106723129_5695dbdf-6cb8-4947-9dfd-4a44048e19fa_320x.png") was successful  	[MsgId: MMSG-26390]
Action.c(1024): web_url("Des-1_569b79d6-a0df-416a-b88c-aa1132e35143_1600x.png") started  	[MsgId: MMSG-26355]
Action.c(1024): Registering web_url("Des-1_569b79d6-a0df-416a-b88c-aa1132e35143_1600x.png") was successful  	[MsgId: MMSG-26390]
Action.c(1033): web_concurrent_end started  	[MsgId: MMSG-26355]
Action.c(1033): web_concurrent_end was successful, 1839821 body bytes, 15830 header bytes  	[MsgId: MMSG-26386]
Action.c(1035): web_custom_request("tag.php_2") started  	[MsgId: MMSG-26355]
Action.c(1035): web_custom_request("tag.php_2") was successful, 41 body bytes, 332 header bytes, 11 chunking overhead bytes  	[MsgId: MMSG-26385]
Action.c(1048): web_concurrent_start started  	[MsgId: MMSG-26355]
Action.c(1048): web_concurrent_start was successful  	[MsgId: MMSG-26392]
Action.c(1050): web_url("Des-3_5430e1b2-81dd-42f0-9730-d0c996a35a2b.png") started  	[MsgId: MMSG-26355]
Action.c(1050): Registering web_url("Des-3_5430e1b2-81dd-42f0-9730-d0c996a35a2b.png") was successful  	[MsgId: MMSG-26390]
Action.c(1059): web_url("Des-3_14828eea-1471-4e97-8995-cd50b5d43fb8_1600x.png") started  	[MsgId: MMSG-26355]
Action.c(1059): Registering web_url("Des-3_14828eea-1471-4e97-8995-cd50b5d43fb8_1600x.png") was successful  	[MsgId: MMSG-26390]
Action.c(1068): web_url("Frame_13326_66121a80-8c4a-4b69-bc05-a0eed60018da.png") started  	[MsgId: MMSG-26355]
Action.c(1068): Registering web_url("Frame_13326_66121a80-8c4a-4b69-bc05-a0eed60018da.png") was successful  	[MsgId: MMSG-26390]
Action.c(1077): web_url("Des-3_5430e1b2-81dd-42f0-9730-d0c996a35a2b_1600x.png") started  	[MsgId: MMSG-26355]
Action.c(1077): Registering web_url("Des-3_5430e1b2-81dd-42f0-9730-d0c996a35a2b_1600x.png") was successful  	[MsgId: MMSG-26390]
Action.c(1086): web_url("Frame_13326_66121a80-8c4a-4b69-bc05-a0eed60018da_320x.png") started  	[MsgId: MMSG-26355]
Action.c(1086): Registering web_url("Frame_13326_66121a80-8c4a-4b69-bc05-a0eed60018da_320x.png") was successful  	[MsgId: MMSG-26390]
Action.c(1095): web_url("Des_c8958493-49b9-43e2-95f9-aaf6f8a69cd0_1600x.png") started  	[MsgId: MMSG-26355]
Action.c(1095): Registering web_url("Des_c8958493-49b9-43e2-95f9-aaf6f8a69cd0_1600x.png") was successful  	[MsgId: MMSG-26390]
Action.c(1104): web_url("Frame_13046_ba37d638-0902-4fe5-ad25-71497a37bdf4_320x.png") started  	[MsgId: MMSG-26355]
Action.c(1104): Registering web_url("Frame_13046_ba37d638-0902-4fe5-ad25-71497a37bdf4_320x.png") was successful  	[MsgId: MMSG-26390]
Action.c(1113): web_url("Des-1_dd6a6f53-27ce-448e-82a8-b16f49b7c59f_1600x.png") started  	[MsgId: MMSG-26355]
Action.c(1113): Registering web_url("Des-1_dd6a6f53-27ce-448e-82a8-b16f49b7c59f_1600x.png") was successful  	[MsgId: MMSG-26390]
Action.c(1122): web_url("Frame_13354_e9c26237-b838-4836-a4c4-4029081069ff_320x.png") started  	[MsgId: MMSG-26355]
Action.c(1122): Registering web_url("Frame_13354_e9c26237-b838-4836-a4c4-4029081069ff_320x.png") was successful  	[MsgId: MMSG-26390]
Action.c(1131): web_url("Frame_13182_bd7b9ca6-997c-4f7c-9945-1cc65d9f9f35_320x.png") started  	[MsgId: MMSG-26355]
Action.c(1131): Registering web_url("Frame_13182_bd7b9ca6-997c-4f7c-9945-1cc65d9f9f35_320x.png") was successful  	[MsgId: MMSG-26390]
Action.c(1140): web_url("Des-2_cbbf23e2-27b2-47d1-ba00-11dc70edbb88_1600x.png") started  	[MsgId: MMSG-26355]
Action.c(1140): Registering web_url("Des-2_cbbf23e2-27b2-47d1-ba00-11dc70edbb88_1600x.png") was successful  	[MsgId: MMSG-26390]
Action.c(1149): web_url("Frame_106722943_e6b7901c-9e1b-4cdc-90f1-b0b96b9ffba2.png") started  	[MsgId: MMSG-26355]
Action.c(1149): Registering web_url("Frame_106722943_e6b7901c-9e1b-4cdc-90f1-b0b96b9ffba2.png") was successful  	[MsgId: MMSG-26390]
Action.c(1158): web_url("Frame_106722941_898a962e-d330-4c6f-a8e5-e4ffab757cc8.png") started  	[MsgId: MMSG-26355]
Action.c(1158): Registering web_url("Frame_106722941_898a962e-d330-4c6f-a8e5-e4ffab757cc8.png") was successful  	[MsgId: MMSG-26390]
Action.c(1167): web_url("Frame_106722942_8df3c743-5cc6-4097-9c2b-ca115801368a.png") started  	[MsgId: MMSG-26355]
Action.c(1167): Registering web_url("Frame_106722942_8df3c743-5cc6-4097-9c2b-ca115801368a.png") was successful  	[MsgId: MMSG-26390]
Action.c(1176): web_url("Frame_106722944_262714e6-bcf3-416f-bf20-41ae3f500c48.png") started  	[MsgId: MMSG-26355]
Action.c(1176): Registering web_url("Frame_106722944_262714e6-bcf3-416f-bf20-41ae3f500c48.png") was successful  	[MsgId: MMSG-26390]
Action.c(1185): web_url("Frame_106722945_e1af794d-0f0c-408c-a541-b4dbcdd37214.png") started  	[MsgId: MMSG-26355]
Action.c(1185): Registering web_url("Frame_106722945_e1af794d-0f0c-408c-a541-b4dbcdd37214.png") was successful  	[MsgId: MMSG-26390]
Action.c(1194): web_url("Frame_106722946_bb5d4f37-38c2-407f-8b97-98d1d178d85d.png") started  	[MsgId: MMSG-26355]
Action.c(1194): Registering web_url("Frame_106722946_bb5d4f37-38c2-407f-8b97-98d1d178d85d.png") was successful  	[MsgId: MMSG-26390]
Action.c(1203): web_concurrent_end started  	[MsgId: MMSG-26355]
Action.c(1203): web_concurrent_end was successful, 2794285 body bytes, 24481 header bytes  	[MsgId: MMSG-26386]
Action.c(1207): web_concurrent_start started  	[MsgId: MMSG-26355]
Action.c(1207): web_concurrent_start was successful  	[MsgId: MMSG-26392]
Action.c(1209): web_url("Frame_106723240_320x.png") started  	[MsgId: MMSG-26355]
Action.c(1209): Registering web_url("Frame_106723240_320x.png") was successful  	[MsgId: MMSG-26390]
Action.c(1218): web_url("Frame_106723239_320x.png") started  	[MsgId: MMSG-26355]
Action.c(1218): Registering web_url("Frame_106723239_320x.png") was successful  	[MsgId: MMSG-26390]
Action.c(1227): web_url("Frame_106723241_320x.png") started  	[MsgId: MMSG-26355]
Action.c(1227): Registering web_url("Frame_106723241_320x.png") was successful  	[MsgId: MMSG-26390]
Action.c(1236): web_url("Frame_106723109_03eb8485-2e7e-47ec-ae18-09846241fca8_320x.png") started  	[MsgId: MMSG-26355]
Action.c(1236): Registering web_url("Frame_106723109_03eb8485-2e7e-47ec-ae18-09846241fca8_320x.png") was successful  	[MsgId: MMSG-26390]
Action.c(1245): web_url("Frame_106723242_320x.png") started  	[MsgId: MMSG-26355]
Action.c(1245): Registering web_url("Frame_106723242_320x.png") was successful  	[MsgId: MMSG-26390]
Action.c(1254): web_url("Frame_106723243_320x.png") started  	[MsgId: MMSG-26355]
Action.c(1254): Registering web_url("Frame_106723243_320x.png") was successful  	[MsgId: MMSG-26390]
Action.c(1263): web_url("Frame_106723115_f1a07428-d98f-4c97-af96-c8385f82a938_320x.png") started  	[MsgId: MMSG-26355]
Action.c(1263): Registering web_url("Frame_106723115_f1a07428-d98f-4c97-af96-c8385f82a938_320x.png") was successful  	[MsgId: MMSG-26390]
Action.c(1272): web_url("Frame_106723116_001e134a-84eb-4fef-b875-0dfc0e895153_320x.png") started  	[MsgId: MMSG-26355]
Action.c(1272): Registering web_url("Frame_106723116_001e134a-84eb-4fef-b875-0dfc0e895153_320x.png") was successful  	[MsgId: MMSG-26390]
Action.c(1281): web_url("Frame_106723117_8b72b6e1-f4c3-40ff-a375-3a5b0169ae57_320x.png") started  	[MsgId: MMSG-26355]
Action.c(1281): Registering web_url("Frame_106723117_8b72b6e1-f4c3-40ff-a375-3a5b0169ae57_320x.png") was successful  	[MsgId: MMSG-26390]
Action.c(1290): web_url("Frame_106723119_a8be5379-9fe4-4840-8f56-dc748db75b4d_320x.png") started  	[MsgId: MMSG-26355]
Action.c(1290): Registering web_url("Frame_106723119_a8be5379-9fe4-4840-8f56-dc748db75b4d_320x.png") was successful  	[MsgId: MMSG-26390]
Action.c(1299): web_concurrent_end started  	[MsgId: MMSG-26355]
Action.c(1299): web_concurrent_end was successful, 1564436 body bytes, 14425 header bytes  	[MsgId: MMSG-26386]
Action.c(1301): web_custom_request("command_2") started  	[MsgId: MMSG-26355]
Action.c(1301): Error -26630: HTTP Status-Code=400 (Bad Request) for "https://clients4.google.com/chrome-sync/command/?client=Google+Chrome&client_id=I76XEoEoSqxhEjiZ7akd2w%3D%3D"  	[MsgId: MERR-26630]
Action.c(1301): web_custom_request("command_2") highest severity level was "ERROR", 31 body bytes, 482 header bytes  	[MsgId: MMSG-26388]
Ending action Action.
Ending iteration 1.
Ending Vuser...
Starting action vuser_end.
Ending action vuser_end.
Vuser Terminated.
