Virtual User Script started at: 07-02-2024 15:11:33
Starting action vuser_init.
Web Turbo Replay of LoadRunner 2023.0.0 for Windows 10; build 506 (Mar 08 2023 13:11:40)  	[MsgId: MMSG-26983]
Run mode: HTML  	[MsgId: MMSG-26993]
Replay user agent: Mozilla/5.0 (Windows NT 10.0; Win64; x64) AppleWebKit/537.36 (KHTML, like Gecko) Chrome/121.0.0.0 Safari/537.36  	[MsgId: MMSG-26988]
Runtime Settings file: "D:\LR Scripts\Google_Soln\Google_script\\default.cfg"  	[MsgId: MMSG-27141]
Ending action vuser_init.
Running Vuser...
Starting iteration 1.
Maximum number of concurrent connections per server: 6  	[MsgId: MMSG-26989]
Starting action Action.
Action.c(4): web_set_sockets_option started  	[MsgId: MMSG-26355]
Action.c(4): web_set_sockets_option was successful  	[MsgId: MMSG-26392]
Action.c(6): web_url("www.google.com") started  	[MsgId: MMSG-26355]
Action.c(6): Warning -26603: Unsupported "Content-Encoding"  	[MsgId: MWAR-26603]
Action.c(6): Downloading resource "https://www.google.com/xjs/_/js/k=xjs.hd.en.4-wbcMM-7bI.O/am=AAAAAAAAAAAAAAAAAAAAAAAgAAAAQAINhEMANkAAAAAwQAIEAAIYA4hCgAiAAQCCgIcyAQAATEBgCEwAKQQmAQAAE1AFEAAAAAAAgGCAGEDgAQEAAOgAgALAAAQBCoAAAAAA5AEIDmCQggAAAAAAAAAAAAACSBCECxIoCCAAAAAAAAAAAAAAkEoTFYYB/d=1/ed=1/dg=2/br=1/rs=ACT90oFupXzjXK9wk3mzw_eyrrpFaV0hHg/ee=AfeaP:TkrAjf;Afksuc:wMx0R;BMxAGc:E5bFse;BgS6mb:fidj5d;BjwMce:cXX2Wb;CxXAWb:YyRLvc;DULqB:RKfG5c;DpcR3d:zL72xf;EABSZ:MXZt9d;ESrPQc:mNTJvc;EVNhjf:pw70Gc;EmZ2Bf:zr1jrb;EnlcNd:WeHg4;Erl4fe:FloWmf,FloWmf;F9mqte:UoRcbe;Fmv9Nc:O1Tzwc;G0KhTb:LIaoZ;G6wU6e:hezEbd;GleZL:J1A7Od;HMDDWe:G8QUdb;IBADCc:RYquRb;IoGlCf:b5lhvb;IsdWVc:qzxzOb;JXS8fb:Qj0suc;JbMT3:M25sS;JsbNhc:Xd8iUd;KOxcK:OZqGte;KQzWid:ZMKkN;KcokUb:KiuZBf;KeeMUb:HiPxjc;KpRAue:Tia57b;LBgRLc:XVMNvd;LEikZe:byfTOb,lsjVmc;LsNahb:ucGLNb;Me32dd:MEeYgc;NPKaK:PVlQOd;NSEoX:lazG7b;Np8Qkd:Dpx6qc;Nyt6ic:jn2sGd;OgagBe:cNTe0;Oj465e:KG2eXe,KG2eXe;OohIYe:mpEAQb;Pjplud:EEDORb,PoEs9b;Q1Ow7b:x5CSu;QGR0gd:Mlhmy;R4IIIb:QWfeKf;R9Ulx:CR7Ufe;RDNBlf:zPRCJb;SLtqO:Kh1xYe;SMDL4c:fTfGO,pnvXVc;SNUn3:ZwDk9d,x8cHvb;ShpF6e:N0pvGc;TxfV6d:YORN0b;U96pRd:FsR04;UDrY1c:eps46d;UVmjEd:EesRsb;UyG7Kb:wQd0G;V2HTTe:RolTY;VGRfx:VFqbr;VN6jIc:ddQyuf;VOcgDe:YquhTb;VsAqSb:PGf2Re;VxQ32b:k0XsBb;WCEKNd:I46Hvd;WDGyFe:jcVOxd;Wfmdue:g3MJlb;XUezZ:sa7lqb;YV5bee:IvPZ6d;ZMvdv:PHFPjb;ZWEUA:afR4Cf;a56pNe:JEfCwb;aAJE9c:WHW6Ef;aZ61od:arTwJ;bFZ6gf:RsDQqe;bcPXSc:gSZLJb;cEt90b:ws9Tlc;cFTWae:gT8qnd;coJ8e:KvoW8;dIoSBb:ZgGg9b;dLlj2:Qqt3Gf;daB6be:lMxGPd;dtl0hd:lLQWFe;eBAeSb:Ck63tb;eBZ5Nd:audvde;eHDfl:ofjVkb;eO3lse:nFClrf;fWLTFc:TVBJbf;g8nkx:U4MzKc;gaub4:TN6bMe;gtVSi:ekUOYd;h3MYod:cEt90b;hK67qb:QWEO5b;hLUtwc:KB8OKd;heHB1:sFczq;hjRo6e:F62sG;iFQyKf:QIhFr,vfuNJf;imqimf:jKGL2e;io8t5d:sgY6Zb;jY0zg:Q6tNgc;k2Qxcb:XY51pe;kCQyJ:ueyPK;kMFpHd:OTA3Ae;kbAm9d:MkHyGd;lkq0A:JyBE3e;nAFL3:NTMZac,s39S4;oGtAuc:sOXFj;oSUNyd:fTfGO,fTfGO,pnvXVc;oUlnpc:RagDlc;okUaUd:wItadb;pKJiXd:VCenhc;pNsl2d:j9Yuyc;pXdRYb:JKoKVe;pj82le:mg5CW;qZx2Fc:j0xrE;qaS3gd:yiLg6e;qavrXe:zQzcXe;qddgKe:d7YSfd,x4FYXe;rQSrae:C6D5Fc;sP4Vbe:VwDzFe;sTsDMc:kHVSUb;tH4IIe:Ymry6;tosKvd:ZCqP3;trZL0b:qY8PFe;uY49fb:COQbmf;uuQkY:u2V3ud;vGrMZ:lPJJ0c;vfVwPd:lcrkwe;w3bZCb:ZPGaIb;w4rSdf:XKiZ9;w9w86d:dt4g2b;wQlYve:aLUfP;wR5FRb:TtcOte;wV5Pjc:L8KGxe;whEZac:F4AmNb;xBbsrc:NEW1Qc;yGxLoc:FmAr0c;yxTchf:KUM7Z;z97YGf:oug9te;zOsCQe:Ko78Df;zaIgPb:Qtpxbd/m=cdos,hsm,jsa,mb4ZUb,d,csi,cEt90b,SNUn3,qddgKe,sTsDMc,dtl0hd,eHDfl" (specified by argument number 9)  	[MsgId: MMSG-26576]
Action.c(6): Downloading resource "https://www.gstatic.com/og/_/ss/k=og.qtm.8RUPaHb7e5o.L.W.O/m=qcwid/excm=qaaw,qadd,qaid,qein,qhaw,qhba,qhbr,qhch,qhga,qhid,qhin/d=1/ed=1/ct=zgms/rs=AA2YrTungzasoekTaLKrPFUaQFpakqDmnA" (specified by argument number 11)  	[MsgId: MMSG-26576]
Action.c(6): Downloading resource "https://www.gstatic.com/og/_/js/k=og.qtm.en_US.ZEEp2pdSHOQ.2019.O/rt=j/m=qabr,q_d,qcwid,qapid,qald,q_dg/exm=qaaw,qadd,qaid,qein,qhaw,qhba,qhbr,qhch,qhga,qhid,qhin/d=1/ed=1/rs=AA2YrTvRRKYp7I5vTn-AtFvme6Qlo6hq9Q" (specified by argument number 13)  	[MsgId: MMSG-26576]
Action.c(6): Downloading resource "https://content-autofill.googleapis.com/v1/pages/ChVDaHJvbWUvMTIxLjAuNjE2Ny4xNDASGQn11VQ7sgCk8RIFDWlIR0chrbMLunyG1js=?alt=proto" (specified by argument number 15)  	[MsgId: MMSG-26576]
Action.c(6): Downloading resource "https://apis.google.com/_/scs/abc-static/_/js/k=gapi.gapi.en.GsbA68hXs80.O/m=gapi_iframes,googleapis_client/rt=j/sv=1/d=1/ed=1/rs=AHpOoo899t-H8Lxb3OqzMDuPn6TV_i36ag/cb=gapi.loaded_0" (specified by argument number 18)  	[MsgId: MMSG-26576]
Action.c(6): Downloading resource "https://lh5.googleusercontent.com/p/AF1QipORjSliv1rRditQBc53zc97FH9h9Gm-56kJvMQH=w92-h92-n-k-no" (specified by argument number 20)  	[MsgId: MMSG-26576]
Action.c(6): Downloading resource "https://id.google.com/verify/ANsg4T4x8PNDk-17_eKdBOf6lzjtj73h8WP-CGl_xTAQ74I2nXMGrWKusyP2sOy1hDJBXgVPrlirw_8es5QGJbvzXAPQXL15Oiq1QYeY21mnXcLpeHSA" (specified by argument number 22)  	[MsgId: MMSG-26576]
Action.c(6): Warning -26603: Unsupported "Content-Encoding"  	[MsgId: MWAR-26603]
Action.c(6): Warning -26630: HTTP Status-Code=400 (Bad Request) for "https://content-autofill.googleapis.com/v1/pages/ChVDaHJvbWUvMTIxLjAuNjE2Ny4xNDASGQn11VQ7sgCk8RIFDWlIR0chrbMLunyG1js=?alt=proto"  	[MsgId: MWAR-26630]
Action.c(6): web_url("www.google.com") highest severity level was "warning", 463938 body bytes, 7647 header bytes  	[MsgId: MMSG-26388]
Action.c(27): web_add_cookie started  	[MsgId: MMSG-26355]
Action.c(27): web_add_cookie was successful  	[MsgId: MMSG-26392]
Action.c(29): web_custom_request("log") started  	[MsgId: MMSG-26355]
Action.c(29): web_custom_request("log") was successful, 131 body bytes, 482 header bytes  	[MsgId: MMSG-26386]
Action.c(44): web_add_cookie started  	[MsgId: MMSG-26355]
Action.c(44): web_add_cookie was successful  	[MsgId: MMSG-26392]
Action.c(46): web_url("ui") started  	[MsgId: MMSG-26355]
Action.c(46): web_url("ui") was successful, 0 body bytes, 440 header bytes  	[MsgId: MMSG-26386]
Action.c(57): web_custom_request("json") started  	[MsgId: MMSG-26355]
Action.c(57): web_custom_request("json") was successful, 922 body bytes, 1084 header bytes  	[MsgId: MMSG-26386]
Action.c(90): web_custom_request("json_2") started  	[MsgId: MMSG-26355]
Action.c(90): web_custom_request("json_2") was successful, 170 body bytes, 636 header bytes  	[MsgId: MMSG-26386]
Ending action Action.
Ending iteration 1.
Ending Vuser...
Starting action vuser_end.
Ending action vuser_end.
Vuser Terminated.
